D:\Milan\Axolotl\Source\Axolotl\Axolotl\Axolotl_Web\dist\out-tsc\e2e\src\app.po.js
D:\Milan\Axolotl\Source\Axolotl\Axolotl\Axolotl_Web\dist\out-tsc\e2e\src\app.po.js.map
D:\Milan\Axolotl\Source\Axolotl\Axolotl\Axolotl_Web\dist\out-tsc\e2e\src\app.e2e-spec.js
D:\Milan\Axolotl\Source\Axolotl\Axolotl\Axolotl_Web\dist\out-tsc\e2e\src\app.e2e-spec.js.map
D:\Milan\Axolotl\Source\Axolotl\Axolotl\Axolotl_Web\dist\out-tsc\src\app\AppModel\appmodel_Model.js
D:\Milan\Axolotl\Source\Axolotl\Axolotl\Axolotl_Web\dist\out-tsc\src\app\AppModel\appmodel_Model.js.map
D:\Milan\Axolotl\Source\Axolotl\Axolotl\Axolotl_Web\dist\out-tsc\src\app\AppService\app-routing-service.service.js
D:\Milan\Axolotl\Source\Axolotl\Axolotl\Axolotl_Web\dist\out-tsc\src\app\AppService\app-routing-service.service.js.map
D:\Milan\Axolotl\Source\Axolotl\Axolotl\Axolotl_Web\dist\out-tsc\src\app\AppComponent\employee-punch\employee-punch.component.js
D:\Milan\Axolotl\Source\Axolotl\Axolotl\Axolotl_Web\dist\out-tsc\src\app\AppComponent\employee-punch\employee-punch.component.js.map
D:\Milan\Axolotl\Source\Axolotl\Axolotl\Axolotl_Web\dist\out-tsc\src\app\AppCommon\AppCommon.js
D:\Milan\Axolotl\Source\Axolotl\Axolotl\Axolotl_Web\dist\out-tsc\src\app\AppCommon\AppCommon.js.map
D:\Milan\Axolotl\Source\Axolotl\Axolotl\Axolotl_Web\dist\out-tsc\src\app\AppModel\Company_Models.js
D:\Milan\Axolotl\Source\Axolotl\Axolotl\Axolotl_Web\dist\out-tsc\src\app\AppModel\Company_Models.js.map
D:\Milan\Axolotl\Source\Axolotl\Axolotl\Axolotl_Web\dist\out-tsc\src\app\AppService\Company_Service.js
D:\Milan\Axolotl\Source\Axolotl\Axolotl\Axolotl_Web\dist\out-tsc\src\app\AppService\Company_Service.js.map
D:\Milan\Axolotl\Source\Axolotl\Axolotl\Axolotl_Web\dist\out-tsc\src\app\AppComponent\Company\company.component.js
D:\Milan\Axolotl\Source\Axolotl\Axolotl\Axolotl_Web\dist\out-tsc\src\app\AppComponent\Company\company.component.js.map
D:\Milan\Axolotl\Source\Axolotl\Axolotl\Axolotl_Web\dist\out-tsc\src\app\AppModel\User_Models.js
D:\Milan\Axolotl\Source\Axolotl\Axolotl\Axolotl_Web\dist\out-tsc\src\app\AppModel\User_Models.js.map
D:\Milan\Axolotl\Source\Axolotl\Axolotl\Axolotl_Web\dist\out-tsc\src\app\AppService\User_Service.js
D:\Milan\Axolotl\Source\Axolotl\Axolotl\Axolotl_Web\dist\out-tsc\src\app\AppService\User_Service.js.map
D:\Milan\Axolotl\Source\Axolotl\Axolotl\Axolotl_Web\dist\out-tsc\src\app\AppComponent\User\user.component.js
D:\Milan\Axolotl\Source\Axolotl\Axolotl\Axolotl_Web\dist\out-tsc\src\app\AppComponent\User\user.component.js.map
D:\Milan\Axolotl\Source\Axolotl\Axolotl\Axolotl_Web\dist\out-tsc\src\app\AppModel\EmployePunch_Model.js
D:\Milan\Axolotl\Source\Axolotl\Axolotl\Axolotl_Web\dist\out-tsc\src\app\AppModel\EmployePunch_Model.js.map
D:\Milan\Axolotl\Source\Axolotl\Axolotl\Axolotl_Web\dist\out-tsc\src\app\AppService\EmployePunch_Service.js
D:\Milan\Axolotl\Source\Axolotl\Axolotl\Axolotl_Web\dist\out-tsc\src\app\AppService\EmployePunch_Service.js.map
D:\Milan\Axolotl\Source\Axolotl\Axolotl\Axolotl_Web\dist\out-tsc\src\app\AppComponent\EmployePunch\employeepunch.component.js
D:\Milan\Axolotl\Source\Axolotl\Axolotl\Axolotl_Web\dist\out-tsc\src\app\AppComponent\EmployePunch\employeepunch.component.js.map
D:\Milan\Axolotl\Source\Axolotl\Axolotl\Axolotl_Web\dist\out-tsc\src\app\AppComponent\ManageCompany\managecompany.component.js
D:\Milan\Axolotl\Source\Axolotl\Axolotl\Axolotl_Web\dist\out-tsc\src\app\AppComponent\ManageCompany\managecompany.component.js.map
D:\Milan\Axolotl\Source\Axolotl\Axolotl\Axolotl_Web\dist\out-tsc\src\app\app-routing.module.js
D:\Milan\Axolotl\Source\Axolotl\Axolotl\Axolotl_Web\dist\out-tsc\src\app\app-routing.module.js.map
D:\Milan\Axolotl\Source\Axolotl\Axolotl\Axolotl_Web\dist\out-tsc\src\app\app.component.js
D:\Milan\Axolotl\Source\Axolotl\Axolotl\Axolotl_Web\dist\out-tsc\src\app\app.component.js.map
D:\Milan\Axolotl\Source\Axolotl\Axolotl\Axolotl_Web\dist\out-tsc\src\app\app.module.js
D:\Milan\Axolotl\Source\Axolotl\Axolotl\Axolotl_Web\dist\out-tsc\src\app\app.module.js.map
D:\Milan\Axolotl\Source\Axolotl\Axolotl\Axolotl_Web\dist\out-tsc\src\environments\environment.js
D:\Milan\Axolotl\Source\Axolotl\Axolotl\Axolotl_Web\dist\out-tsc\src\environments\environment.js.map
D:\Milan\Axolotl\Source\Axolotl\Axolotl\Axolotl_Web\dist\out-tsc\src\main.js
D:\Milan\Axolotl\Source\Axolotl\Axolotl\Axolotl_Web\dist\out-tsc\src\main.js.map
D:\Milan\Axolotl\Source\Axolotl\Axolotl\Axolotl_Web\dist\out-tsc\src\polyfills.js
D:\Milan\Axolotl\Source\Axolotl\Axolotl\Axolotl_Web\dist\out-tsc\src\polyfills.js.map
D:\Milan\Axolotl\Source\Axolotl\Axolotl\Axolotl_Web\dist\out-tsc\src\test.js
D:\Milan\Axolotl\Source\Axolotl\Axolotl\Axolotl_Web\dist\out-tsc\src\test.js.map
D:\Milan\Axolotl\Source\Axolotl\Axolotl\Axolotl_Web\dist\out-tsc\src\app\app.component.spec.js
D:\Milan\Axolotl\Source\Axolotl\Axolotl\Axolotl_Web\dist\out-tsc\src\app\app.component.spec.js.map
D:\Milan\Axolotl\Source\Axolotl\Axolotl\Axolotl_Web\dist\out-tsc\src\app\AppComponent\employee-punch\employee-punch.component.spec.js
D:\Milan\Axolotl\Source\Axolotl\Axolotl\Axolotl_Web\dist\out-tsc\src\app\AppComponent\employee-punch\employee-punch.component.spec.js.map
D:\Milan\Axolotl\Source\Axolotl\Axolotl\Axolotl_Web\dist\out-tsc\src\app\AppService\app-routing-service.service.spec.js
D:\Milan\Axolotl\Source\Axolotl\Axolotl\Axolotl_Web\dist\out-tsc\src\app\AppService\app-routing-service.service.spec.js.map
D:\Milan\Axolotl\Source\Axolotl\Axolotl\Axolotl_Web\dist\out-tsc\src\environments\environment.prod.js
D:\Milan\Axolotl\Source\Axolotl\Axolotl\Axolotl_Web\dist\out-tsc\src\environments\environment.prod.js.map
