D:\Milan\NKTPL_GIT\Source\Web\EPunch\epunchApp\dist\out-tsc\e2e\src\app.po.js
D:\Milan\NKTPL_GIT\Source\Web\EPunch\epunchApp\dist\out-tsc\e2e\src\app.po.js.map
D:\Milan\NKTPL_GIT\Source\Web\EPunch\epunchApp\dist\out-tsc\e2e\src\app.e2e-spec.js
D:\Milan\NKTPL_GIT\Source\Web\EPunch\epunchApp\dist\out-tsc\e2e\src\app.e2e-spec.js.map
D:\Milan\NKTPL_GIT\Source\Web\EPunch\epunchApp\dist\out-tsc\src\app\AppModel\appmodel_Model.js
D:\Milan\NKTPL_GIT\Source\Web\EPunch\epunchApp\dist\out-tsc\src\app\AppModel\appmodel_Model.js.map
D:\Milan\NKTPL_GIT\Source\Web\EPunch\epunchApp\dist\out-tsc\src\app\AppService\app-routing-service.service.js
D:\Milan\NKTPL_GIT\Source\Web\EPunch\epunchApp\dist\out-tsc\src\app\AppService\app-routing-service.service.js.map
D:\Milan\NKTPL_GIT\Source\Web\EPunch\epunchApp\dist\out-tsc\src\app\AppComponent\employee-punch\employee-punch.component.js
D:\Milan\NKTPL_GIT\Source\Web\EPunch\epunchApp\dist\out-tsc\src\app\AppComponent\employee-punch\employee-punch.component.js.map
D:\Milan\NKTPL_GIT\Source\Web\EPunch\epunchApp\dist\out-tsc\src\app\app-routing.module.js
D:\Milan\NKTPL_GIT\Source\Web\EPunch\epunchApp\dist\out-tsc\src\app\app-routing.module.js.map
D:\Milan\NKTPL_GIT\Source\Web\EPunch\epunchApp\dist\out-tsc\src\app\app.component.js
D:\Milan\NKTPL_GIT\Source\Web\EPunch\epunchApp\dist\out-tsc\src\app\app.component.js.map
D:\Milan\NKTPL_GIT\Source\Web\EPunch\epunchApp\dist\out-tsc\src\app\app.module.js
D:\Milan\NKTPL_GIT\Source\Web\EPunch\epunchApp\dist\out-tsc\src\app\app.module.js.map
D:\Milan\NKTPL_GIT\Source\Web\EPunch\epunchApp\dist\out-tsc\src\environments\environment.js
D:\Milan\NKTPL_GIT\Source\Web\EPunch\epunchApp\dist\out-tsc\src\environments\environment.js.map
D:\Milan\NKTPL_GIT\Source\Web\EPunch\epunchApp\dist\out-tsc\src\main.js
D:\Milan\NKTPL_GIT\Source\Web\EPunch\epunchApp\dist\out-tsc\src\main.js.map
D:\Milan\NKTPL_GIT\Source\Web\EPunch\epunchApp\dist\out-tsc\src\polyfills.js
D:\Milan\NKTPL_GIT\Source\Web\EPunch\epunchApp\dist\out-tsc\src\polyfills.js.map
D:\Milan\NKTPL_GIT\Source\Web\EPunch\epunchApp\dist\out-tsc\src\test.js
D:\Milan\NKTPL_GIT\Source\Web\EPunch\epunchApp\dist\out-tsc\src\test.js.map
D:\Milan\NKTPL_GIT\Source\Web\EPunch\epunchApp\dist\out-tsc\src\app\app.component.spec.js
D:\Milan\NKTPL_GIT\Source\Web\EPunch\epunchApp\dist\out-tsc\src\app\app.component.spec.js.map
D:\Milan\NKTPL_GIT\Source\Web\EPunch\epunchApp\dist\out-tsc\src\app\AppComponent\employee-punch\employee-punch.component.spec.js
D:\Milan\NKTPL_GIT\Source\Web\EPunch\epunchApp\dist\out-tsc\src\app\AppComponent\employee-punch\employee-punch.component.spec.js.map
D:\Milan\NKTPL_GIT\Source\Web\EPunch\epunchApp\dist\out-tsc\src\app\AppService\app-routing-service.service.spec.js
D:\Milan\NKTPL_GIT\Source\Web\EPunch\epunchApp\dist\out-tsc\src\app\AppService\app-routing-service.service.spec.js.map
D:\Milan\NKTPL_GIT\Source\Web\EPunch\epunchApp\dist\out-tsc\src\environments\environment.prod.js
D:\Milan\NKTPL_GIT\Source\Web\EPunch\epunchApp\dist\out-tsc\src\environments\environment.prod.js.map
